{"C:\\Users\\oluwa\\Documents\\todo-app\\server\\src\\handlers\\todos.ts": {"path":"C:\\Users\\oluwa\\Documents\\todo-app\\server\\src\\handlers\\todos.ts","statementMap":{"0":{"start":{"line":10,"column":20},"end":{"line":13,"column":2}},"1":{"start":{"line":15,"column":23},"end":{"line":79,"column":1}},"2":{"start":{"line":16,"column":49},"end":{"line":16,"column":54}},"3":{"start":{"line":18,"column":21},"end":{"line":18,"column":24}},"4":{"start":{"line":21,"column":4},"end":{"line":70,"column":5}},"5":{"start":{"line":22,"column":8},"end":{"line":66,"column":9}},"6":{"start":{"line":25,"column":16},"end":{"line":25,"column":37}},"7":{"start":{"line":26,"column":16},"end":{"line":26,"column":22}},"8":{"start":{"line":30,"column":16},"end":{"line":30,"column":67}},"9":{"start":{"line":30,"column":27},"end":{"line":30,"column":67}},"10":{"start":{"line":31,"column":32},"end":{"line":31,"column":65}},"11":{"start":{"line":32,"column":38},"end":{"line":36,"column":18}},"12":{"start":{"line":37,"column":16},"end":{"line":37,"column":36}},"13":{"start":{"line":38,"column":16},"end":{"line":38,"column":33}},"14":{"start":{"line":39,"column":16},"end":{"line":39,"column":39}},"15":{"start":{"line":40,"column":16},"end":{"line":40,"column":22}},"16":{"start":{"line":44,"column":16},"end":{"line":44,"column":84}},"17":{"start":{"line":44,"column":41},"end":{"line":44,"column":84}},"18":{"start":{"line":45,"column":16},"end":{"line":45,"column":67}},"19":{"start":{"line":45,"column":27},"end":{"line":45,"column":67}},"20":{"start":{"line":46,"column":36},"end":{"line":46,"column":69}},"21":{"start":{"line":47,"column":30},"end":{"line":47,"column":80}},"22":{"start":{"line":47,"column":53},"end":{"line":47,"column":79}},"23":{"start":{"line":48,"column":16},"end":{"line":48,"column":68}},"24":{"start":{"line":48,"column":34},"end":{"line":48,"column":68}},"25":{"start":{"line":50,"column":16},"end":{"line":50,"column":67}},"26":{"start":{"line":51,"column":16},"end":{"line":51,"column":44}},"27":{"start":{"line":52,"column":16},"end":{"line":52,"column":22}},"28":{"start":{"line":56,"column":16},"end":{"line":56,"column":84}},"29":{"start":{"line":56,"column":41},"end":{"line":56,"column":84}},"30":{"start":{"line":57,"column":16},"end":{"line":57,"column":72}},"31":{"start":{"line":57,"column":44},"end":{"line":57,"column":70}},"32":{"start":{"line":58,"column":16},"end":{"line":58,"column":59}},"33":{"start":{"line":59,"column":16},"end":{"line":59,"column":22}},"34":{"start":{"line":62,"column":16},"end":{"line":62,"column":33}},"35":{"start":{"line":63,"column":16},"end":{"line":63,"column":65}},"36":{"start":{"line":64,"column":16},"end":{"line":64,"column":22}},"37":{"start":{"line":68,"column":8},"end":{"line":68,"column":25}},"38":{"start":{"line":69,"column":8},"end":{"line":69,"column":48}},"39":{"start":{"line":72,"column":4},"end":{"line":78,"column":6}},"40":{"start":{"line":15,"column":13},"end":{"line":15,"column":23}}},"fnMap":{"0":{"name":"(anonymous_0)","decl":{"start":{"line":15,"column":23},"end":{"line":15,"column":28}},"loc":{"start":{"line":15,"column":74},"end":{"line":79,"column":1}}},"1":{"name":"(anonymous_1)","decl":{"start":{"line":47,"column":46},"end":{"line":47,"column":47}},"loc":{"start":{"line":47,"column":53},"end":{"line":47,"column":79}}},"2":{"name":"(anonymous_2)","decl":{"start":{"line":57,"column":37},"end":{"line":57,"column":38}},"loc":{"start":{"line":57,"column":44},"end":{"line":57,"column":70}}}},"branchMap":{"0":{"loc":{"start":{"line":22,"column":8},"end":{"line":66,"column":9}},"type":"switch","locations":[{"start":{"line":23,"column":12},"end":{"line":27,"column":13}},{"start":{"line":28,"column":12},"end":{"line":41,"column":13}},{"start":{"line":42,"column":12},"end":{"line":53,"column":13}},{"start":{"line":54,"column":12},"end":{"line":60,"column":13}},{"start":{"line":61,"column":12},"end":{"line":65,"column":13}}]},"1":{"loc":{"start":{"line":30,"column":16},"end":{"line":30,"column":67}},"type":"if","locations":[{"start":{"line":30,"column":16},"end":{"line":30,"column":67}}]},"2":{"loc":{"start":{"line":34,"column":27},"end":{"line":34,"column":54}},"type":"binary-expr","locations":[{"start":{"line":34,"column":27},"end":{"line":34,"column":40}},{"start":{"line":34,"column":44},"end":{"line":34,"column":54}}]},"3":{"loc":{"start":{"line":35,"column":31},"end":{"line":35,"column":57}},"type":"binary-expr","locations":[{"start":{"line":35,"column":31},"end":{"line":35,"column":48}},{"start":{"line":35,"column":52},"end":{"line":35,"column":57}}]},"4":{"loc":{"start":{"line":44,"column":16},"end":{"line":44,"column":84}},"type":"if","locations":[{"start":{"line":44,"column":16},"end":{"line":44,"column":84}}]},"5":{"loc":{"start":{"line":45,"column":16},"end":{"line":45,"column":67}},"type":"if","locations":[{"start":{"line":45,"column":16},"end":{"line":45,"column":67}}]},"6":{"loc":{"start":{"line":48,"column":16},"end":{"line":48,"column":68}},"type":"if","locations":[{"start":{"line":48,"column":16},"end":{"line":48,"column":68}}]},"7":{"loc":{"start":{"line":56,"column":16},"end":{"line":56,"column":84}},"type":"if","locations":[{"start":{"line":56,"column":16},"end":{"line":56,"column":84}}]}},"s":{"0":1,"1":1,"2":1,"3":1,"4":1,"5":1,"6":1,"7":1,"8":0,"9":0,"10":0,"11":0,"12":0,"13":0,"14":0,"15":0,"16":0,"17":0,"18":0,"19":0,"20":0,"21":0,"22":0,"23":0,"24":0,"25":0,"26":0,"27":0,"28":0,"29":0,"30":0,"31":0,"32":0,"33":0,"34":0,"35":0,"36":0,"37":0,"38":0,"39":1,"40":1},"f":{"0":1,"1":0,"2":0},"b":{"0":[1,0,0,0,0],"1":[0],"2":[0,0],"3":[0,0],"4":[0],"5":[0],"6":[0],"7":[0]}}
}
